{
  "RSpec": {
    "coverage": {
      "/Users/student/Projects/Makers/Week-4/bookmark-manager/spec/bookmarks_spec.rb": [
        1,
        null,
        1,
        1,
        1,
        1,
        1,
        1,
        1,
        null,
        null,
        null
      ],
      "/Users/student/Projects/Makers/Week-4/bookmark-manager/spec/features/features_spec.rb": [
        null,
        null,
        null,
        null,
        1,
        1,
        1,
        1,
        null,
        null,
        null,
        1,
        1,
        1,
        1,
        1,
        1,
        null,
        null
      ]
    },
    "timestamp": 1555946718
  }
}
